/dors/meilerlab/apps/rosetta/rosetta_2016.08.58479/main/source/bin/relax.default.linuxgccrelease @relax.options -s 4HKX_renum.pdb -nstruct 1
core.init: Rosetta version exported  from http://www.rosettacommons.org
core.init: command: /dors/meilerlab/apps/rosetta/rosetta_2016.08.58479/main/source/bin/relax.default.linuxgccrelease @relax.options -s 4HKX_renum.pdb -nstruct 1
core.init: 'RNG device' seed mode, using '/dev/urandom', seed=-447535174 seed_offset=0 real_seed=-447535174
core.init.random: RandomGenerator:init: Normal mode, seed=-447535174 RG_type=mt19937
core.init: Resolved executable path: /dors/meilerlab/apps/rosetta/rosetta_2016.08.58479/main/source/build/src/release/linux/2.6/64/x86/gcc/5.2/default/relax.default.linuxgccrelease
core.init: Looking for database based on location of executable: /dors/meilerlab/apps/rosetta/rosetta_2016.08.58479/main/database/
core.scoring.ScoreFunctionFactory: SCOREFUNCTION: talaris2013
core.scoring.etable: Starting energy table calculation
core.scoring.etable: smooth_etable: changing atr/rep split to bottom of energy well
core.scoring.etable: smooth_etable: spline smoothing lj etables (maxdis = 6)
core.scoring.etable: smooth_etable: spline smoothing solvation etables (max_dis = 6)
core.scoring.etable: Finished calculating energy tables.
basic.io.database: Database file opened: scoring/score_functions/hbonds/sp2_elec_params/HBPoly1D.csv
basic.io.database: Database file opened: scoring/score_functions/hbonds/sp2_elec_params/HBFadeIntervals.csv
basic.io.database: Database file opened: scoring/score_functions/hbonds/sp2_elec_params/HBEval.csv
basic.io.database: Database file opened: scoring/score_functions/rama/Rama_smooth_dyn.dat_ss_6.4
basic.io.database: Database file opened: scoring/score_functions/P_AA_pp/P_AA
basic.io.database: Database file opened: scoring/score_functions/P_AA_pp/P_AA_n
basic.io.database: Database file opened: scoring/score_functions/P_AA_pp/P_AA_pp
protocols.relax.FastRelax: ================== Using default script ==================
protocols.jd2.PDBJobInputter: Instantiate PDBJobInputter
protocols.jd2.PDBJobInputter: PDBJobInputter::fill_jobs
protocols.jd2.PDBJobInputter: pushed 4HKX_renum.pdb nstruct index 1
protocols.evaluation.ChiWellRmsdEvaluatorCreator: Evaluation Creator active ...
protocols.jd2.PDBJobInputter: PDBJobInputter::pose_from_job
protocols.jd2.PDBJobInputter: filling pose from PDB 4HKX_renum.pdb
core.chemical.ResidueTypeSet: Finished initializing fa_standard residue type set.  Created 384 residue types
core.chemical.ResidueTypeSet: Total time to initialize 0.42 seconds.
core.conformation.Conformation: [ WARNING ] missing heavyatom:  OXT on residue SER:CtermProteinFull 126
core.conformation.Conformation: [ WARNING ] missing heavyatom:  OXT on residue LEU:CtermProteinFull 224
core.conformation.Conformation: [ WARNING ] missing heavyatom:  OXT on residue GLY:CtermProteinFull 436
core.conformation.Conformation: Found disulfide between residues 22 96
core.conformation.Conformation: current variant for 22 CYS
core.conformation.Conformation: current variant for 96 CYS
core.conformation.Conformation: current variant for 22 CYD
core.conformation.Conformation: current variant for 96 CYD
core.conformation.Conformation: Found disulfide between residues 148 203
core.conformation.Conformation: current variant for 148 CYS
core.conformation.Conformation: current variant for 203 CYS
core.conformation.Conformation: current variant for 148 CYD
core.conformation.Conformation: current variant for 203 CYD
core.conformation.Conformation: Found disulfide between residues 232 244
core.conformation.Conformation: current variant for 232 CYS
core.conformation.Conformation: current variant for 244 CYS
core.conformation.Conformation: current variant for 232 CYD
core.conformation.Conformation: current variant for 244 CYD
core.conformation.Conformation: Found disulfide between residues 267 312
core.conformation.Conformation: current variant for 267 CYS
core.conformation.Conformation: current variant for 312 CYS
core.conformation.Conformation: current variant for 267 CYD
core.conformation.Conformation: current variant for 312 CYD
core.pack.dunbrack.RotamerLibrary: Using Dunbrack library binary file '/dors/meilerlab/apps/rosetta/rosetta_2016.08.58479/main/database/rotamer/ExtendedOpt1-5/Dunbrack10.lib.bin'.
core.pack.dunbrack.RotamerLibrary: Dunbrack 2010 library took 0.14 seconds to load from binary
protocols.relax.FastRelax: CMD: repeat  61.6559  0  0  0.44
core.pack.task: Packer task: initialize from command line()
core.pack.pack_rotamers: built 7370 rotamers at 437 positions.
core.pack.interaction_graph.interaction_graph_factory: Instantiating LinearMemoryInteractionGraph
core.pack.interaction_graph.interaction_graph_factory: IG: 14666813 bytes
protocols.relax.FastRelax: CMD: ramp_repack_min  -843.689  0.111342  0.111342  0.0088
core.pack.task: Packer task: initialize from command line()
core.pack.pack_rotamers: built 6700 rotamers at 437 positions.
core.pack.interaction_graph.interaction_graph_factory: Instantiating LinearMemoryInteractionGraph
core.pack.interaction_graph.interaction_graph_factory: IG: 14537245 bytes
protocols.relax.FastRelax: CMD: ramp_repack_min  -791.238  0.145012  0.145012  0.11
core.pack.task: Packer task: initialize from command line()
core.pack.pack_rotamers: built 6468 rotamers at 437 positions.
core.pack.interaction_graph.interaction_graph_factory: Instantiating LinearMemoryInteractionGraph
core.pack.interaction_graph.interaction_graph_factory: IG: 14052956 bytes
protocols.relax.FastRelax: CMD: ramp_repack_min  -823.82  0.94701  0.94701  0.242
core.pack.task: Packer task: initialize from command line()
core.pack.pack_rotamers: built 6250 rotamers at 437 positions.
core.pack.interaction_graph.interaction_graph_factory: Instantiating LinearMemoryInteractionGraph
core.pack.interaction_graph.interaction_graph_factory: IG: 14161322 bytes
protocols.relax.FastRelax: CMD: ramp_repack_min  -752.456  0.889751  0.889751  0.44
protocols.relax.FastRelax: MRP: 0  -752.456  -752.456  0.889751  0.889751
protocols.relax.FastRelax: CMD: accept_to_best  -752.456  0.889751  0.889751  0.44
protocols.relax.FastRelax: CMD: endrepeat  -752.456  0.889751  0.889751  0.44
core.pack.task: Packer task: initialize from command line()
core.pack.pack_rotamers: built 7119 rotamers at 437 positions.
core.pack.interaction_graph.interaction_graph_factory: Instantiating LinearMemoryInteractionGraph
core.pack.interaction_graph.interaction_graph_factory: IG: 14681837 bytes
protocols.relax.FastRelax: CMD: ramp_repack_min  -852.314  0.129226  0.129226  0.0088
core.pack.task: Packer task: initialize from command line()
core.pack.pack_rotamers: built 6750 rotamers at 437 positions.
core.pack.interaction_graph.interaction_graph_factory: Instantiating LinearMemoryInteractionGraph
core.pack.interaction_graph.interaction_graph_factory: IG: 14565580 bytes
protocols.relax.FastRelax: CMD: ramp_repack_min  -798.71  0.151577  0.151577  0.11
core.pack.task: Packer task: initialize from command line()
core.pack.pack_rotamers: built 6465 rotamers at 437 positions.
core.pack.interaction_graph.interaction_graph_factory: Instantiating LinearMemoryInteractionGraph
core.pack.interaction_graph.interaction_graph_factory: IG: 14067611 bytes
protocols.relax.FastRelax: CMD: ramp_repack_min  -823.65  0.992669  0.992669  0.242
core.pack.task: Packer task: initialize from command line()
core.pack.pack_rotamers: built 6211 rotamers at 437 positions.
core.pack.interaction_graph.interaction_graph_factory: Instantiating LinearMemoryInteractionGraph
core.pack.interaction_graph.interaction_graph_factory: IG: 14170607 bytes
protocols.relax.FastRelax: CMD: ramp_repack_min  -759.186  0.940224  0.940224  0.44
protocols.relax.FastRelax: MRP: 1  -759.186  -759.186  0.940224  0.940224
protocols.relax.FastRelax: CMD: accept_to_best  -759.186  0.940224  0.940224  0.44
protocols.relax.FastRelax: CMD: endrepeat  -759.186  0.940224  0.940224  0.44
core.pack.task: Packer task: initialize from command line()
core.pack.pack_rotamers: built 7097 rotamers at 437 positions.
core.pack.interaction_graph.interaction_graph_factory: Instantiating LinearMemoryInteractionGraph
core.pack.interaction_graph.interaction_graph_factory: IG: 14697552 bytes
protocols.relax.FastRelax: CMD: ramp_repack_min  -858.699  0.129256  0.129256  0.0088
core.pack.task: Packer task: initialize from command line()
core.pack.pack_rotamers: built 6700 rotamers at 437 positions.
core.pack.interaction_graph.interaction_graph_factory: Instantiating LinearMemoryInteractionGraph
core.pack.interaction_graph.interaction_graph_factory: IG: 14557648 bytes
protocols.relax.FastRelax: CMD: ramp_repack_min  -796.965  0.151065  0.151065  0.11
core.pack.task: Packer task: initialize from command line()
core.pack.pack_rotamers: built 6472 rotamers at 437 positions.
core.pack.interaction_graph.interaction_graph_factory: Instantiating LinearMemoryInteractionGraph
core.pack.interaction_graph.interaction_graph_factory: IG: 14057710 bytes
protocols.relax.FastRelax: CMD: ramp_repack_min  -826.828  0.998888  0.998888  0.242
core.pack.task: Packer task: initialize from command line()
core.pack.pack_rotamers: built 6186 rotamers at 437 positions.
core.pack.interaction_graph.interaction_graph_factory: Instantiating LinearMemoryInteractionGraph
core.pack.interaction_graph.interaction_graph_factory: IG: 14151343 bytes
protocols.relax.FastRelax: CMD: ramp_repack_min  -745.01  0.904009  0.904009  0.44
protocols.relax.FastRelax: MRP: 2  -745.01  -759.186  0.940224  0.940224
protocols.relax.FastRelax: CMD: accept_to_best  -745.01  0.904009  0.904009  0.44
protocols.relax.FastRelax: CMD: endrepeat  -745.01  0.904009  0.904009  0.44
core.pack.task: Packer task: initialize from command line()
core.pack.pack_rotamers: built 7079 rotamers at 437 positions.
core.pack.interaction_graph.interaction_graph_factory: Instantiating LinearMemoryInteractionGraph
core.pack.interaction_graph.interaction_graph_factory: IG: 14673928 bytes
protocols.relax.FastRelax: CMD: ramp_repack_min  -853.112  0.128712  0.128712  0.0088
core.pack.task: Packer task: initialize from command line()
core.pack.pack_rotamers: built 6682 rotamers at 437 positions.
core.pack.interaction_graph.interaction_graph_factory: Instantiating LinearMemoryInteractionGraph
core.pack.interaction_graph.interaction_graph_factory: IG: 14545066 bytes
protocols.relax.FastRelax: CMD: ramp_repack_min  -796.708  0.151259  0.151259  0.11
core.pack.task: Packer task: initialize from command line()
core.pack.pack_rotamers: built 6382 rotamers at 437 positions.
core.pack.interaction_graph.interaction_graph_factory: Instantiating LinearMemoryInteractionGraph
core.pack.interaction_graph.interaction_graph_factory: IG: 14029849 bytes
protocols.relax.FastRelax: CMD: ramp_repack_min  -819.323  0.910522  0.910522  0.242
core.pack.task: Packer task: initialize from command line()
core.pack.pack_rotamers: built 6220 rotamers at 437 positions.
core.pack.interaction_graph.interaction_graph_factory: Instantiating LinearMemoryInteractionGraph
core.pack.interaction_graph.interaction_graph_factory: IG: 14124017 bytes
protocols.relax.FastRelax: CMD: ramp_repack_min  -753.944  0.917858  0.917858  0.44
protocols.relax.FastRelax: MRP: 3  -753.944  -759.186  0.940224  0.940224
protocols.relax.FastRelax: CMD: accept_to_best  -753.944  0.917858  0.917858  0.44
protocols.relax.FastRelax: CMD: endrepeat  -753.944  0.917858  0.917858  0.44
core.pack.task: Packer task: initialize from command line()
core.pack.pack_rotamers: built 7138 rotamers at 437 positions.
core.pack.interaction_graph.interaction_graph_factory: Instantiating LinearMemoryInteractionGraph
core.pack.interaction_graph.interaction_graph_factory: IG: 14698826 bytes
protocols.relax.FastRelax: CMD: ramp_repack_min  -850.869  0.128169  0.128169  0.0088
core.pack.task: Packer task: initialize from command line()
core.pack.pack_rotamers: built 6680 rotamers at 437 positions.
core.pack.interaction_graph.interaction_graph_factory: Instantiating LinearMemoryInteractionGraph
core.pack.interaction_graph.interaction_graph_factory: IG: 14549825 bytes
protocols.relax.FastRelax: CMD: ramp_repack_min  -795.566  0.154062  0.154062  0.11
core.pack.task: Packer task: initialize from command line()
core.pack.pack_rotamers: built 6411 rotamers at 437 positions.
core.pack.interaction_graph.interaction_graph_factory: Instantiating LinearMemoryInteractionGraph
core.pack.interaction_graph.interaction_graph_factory: IG: 14051422 bytes
protocols.relax.FastRelax: CMD: ramp_repack_min  -833.073  1.16461  1.16461  0.242
core.pack.task: Packer task: initialize from command line()
core.pack.pack_rotamers: built 6190 rotamers at 437 positions.
core.pack.interaction_graph.interaction_graph_factory: Instantiating LinearMemoryInteractionGraph
core.pack.interaction_graph.interaction_graph_factory: IG: 14165614 bytes
protocols.relax.FastRelax: CMD: ramp_repack_min  -756.657  1.12576  1.12576  0.44
protocols.relax.FastRelax: MRP: 4  -756.657  -759.186  0.940224  0.940224
protocols.relax.FastRelax: CMD: accept_to_best  -756.657  1.12576  1.12576  0.44
protocols.relax.FastRelax: CMD: endrepeat  -756.657  1.12576  1.12576  0.44
protocols::checkpoint: Deleting checkpoints of FastRelax
protocols.jd2.JobDistributor: 4HKX_renum_0001 reported success in 1357 seconds
protocols.jd2.JobDistributor: no more batches to process...
protocols.jd2.JobDistributor: 1 jobs considered, 1 jobs attempted in 1358 seconds
protocols::checkpoint: Deleting checkpoints of FastRelax
