This is pdfTeX, Version 3.14159265-2.6-1.40.21 (TeX Live 2020/Arch Linux) (preloaded format=pdflatex 2020.6.25)  7 JUL 2020 22:28
entering extended mode
 restricted \write18 enabled.
 %&-line parsing enabled.
**Scaffolding-tutorial.tex
(./Scaffolding-tutorial.tex
LaTeX2e <2020-02-02> patch level 5
L3 programming layer <2020-06-03>

! LaTeX Error: Missing \begin{document}.

See the LaTeX manual or LaTeX Companion for explanation.
Type  H <return>  for immediate help.
 ...                                              
                                                  
l.1 \textbackslash
                   pagenumbering\{gobble\}
? 
! Interruption.
\GenericError  ...                                
                                                  \endgroup 
l.1 \textbackslash
                   pagenumbering\{gobble\}
? 
LaTeX Font Info:    Trying to load font information for OMS+cmr on input line 1
.
(/usr/share/texmf-dist/tex/latex/base/omscmr.fd
File: omscmr.fd 2019/12/16 v2.5j Standard LaTeX font definitions
)
LaTeX Font Info:    Font shape `OMS/cmr/m/n' in size <10> not available
(Font)              Font shape `OMS/cmsy/m/n' tried instead on input line 1.
Missing character: There is no p in font nullfont!
Missing character: There is no a in font nullfont!
Missing character: There is no g in font nullfont!
Missing character: There is no e in font nullfont!
Missing character: There is no n in font nullfont!
Missing character: There is no u in font nullfont!
Missing character: There is no m in font nullfont!
Missing character: There is no b in font nullfont!
Missing character: There is no e in font nullfont!
Missing character: There is no r in font nullfont!
Missing character: There is no i in font nullfont!
Missing character: There is no n in font nullfont!
Missing character: There is no g in font nullfont!
Missing character: There is no g in font nullfont!
Missing character: There is no o in font nullfont!
Missing character: There is no b in font nullfont!
Missing character: There is no b in font nullfont!
Missing character: There is no l in font nullfont!
Missing character: There is no e in font nullfont!

Overfull \hbox (35.00005pt too wide) in paragraph at lines 1--2
[]\OMS/cmsy/m/n/10 nfg 
 []

! Undefined control sequence.
l.3 \hypertarget
                {scaffolding-and-motif-grafting}{%
? 
! Emergency stop.
l.3 \hypertarget
                {scaffolding-and-motif-grafting}{%
End of file on the terminal!

 
Here is how much of TeX's memory you used:
 37 strings out of 480478
 763 string characters out of 5905959
 239147 words of memory out of 5000000
 16160 multiletter control sequences out of 15000+600000
 532338 words of font info for 24 fonts, out of 8000000 for 9000
 1141 hyphenation exceptions out of 8191
 17i,0n,15p,139b,82s stack positions out of 5000i,500n,10000p,200000b,80000s
!  ==> Fatal error occurred, no output PDF file produced!
