core.init: Checking for fconfig files in pwd and ./rosetta/flags 
core.init: Rosetta version: rosetta.source.release-188 r188 2018.33+release.7111c54 7111c54c14ba9a53c012a524f8f1438a8e3fb020 https://www.rosettacommons.org 2018-08-14T01:44:18.723947
core.init: command: /usr/people/sbioguest/rosetta_workshop/rosetta/main/source/bin/rosetta_scripts.default.linuxgccrelease @ repack.options -s 3gbm_HA.pdb -parser:protocol repack_HA.xml -nstruct 25
core.init: 'RNG device' seed mode, using '/dev/urandom', seed=-1517110816 seed_offset=0 real_seed=-1517110816
core.init.random: RandomGenerator:init: Normal mode, seed=-1517110816 RG_type=mt19937
core.init: Resolved executable path: /usr/people/sbioguest/rosetta_workshop/rosetta/main/source/build/src/release/linux/3.10/64/x86/gcc/4.8/default/rosetta_scripts.default.linuxgccrelease
core.init: Looking for database based on location of executable: /usr/people/sbioguest/rosetta_workshop/rosetta/main/database/
protocols.jd2.PDBJobInputter: Instantiate PDBJobInputter
protocols.jd2.PDBJobInputter: PDBJobInputter::fill_jobs
protocols.jd2.PDBJobInputter: pushed 3gbm_HA.pdb nstruct indices 1 - 25
protocols.evaluation.ChiWellRmsdEvaluatorCreator: Evaluation Creator active ... 
protocols.jd2.PDBJobInputter: PDBJobInputter::pose_from_job
protocols.jd2.PDBJobInputter: filling pose from PDB 3gbm_HA.pdb
core.chemical.GlobalResidueTypeSet: Finished initializing fa_standard residue type set.  Created 617 residue types
core.chemical.GlobalResidueTypeSet: Total time to initialize 0.5 seconds.
core.import_pose.import_pose: File '3gbm_HA.pdb' automatically determined to be of type PDB
core.conformation.Conformation: [ WARNING ] missing heavyatom:  CD1 on residue ILE 22
core.conformation.Conformation: [ WARNING ] missing heavyatom:  NZ  on residue LYS 43
core.conformation.Conformation: [ WARNING ] missing heavyatom:  CG  on residue LYS 143
core.conformation.Conformation: [ WARNING ] missing heavyatom:  CD  on residue LYS 143
core.conformation.Conformation: [ WARNING ] missing heavyatom:  CE  on residue LYS 143
core.conformation.Conformation: [ WARNING ] missing heavyatom:  NZ  on residue LYS 143
core.conformation.Conformation: [ WARNING ] missing heavyatom:  CE  on residue LYS 164
core.conformation.Conformation: [ WARNING ] missing heavyatom:  NZ  on residue LYS 164
core.conformation.Conformation: [ WARNING ] missing heavyatom:  CZ  on residue ARG 211
core.conformation.Conformation: [ WARNING ] missing heavyatom:  NH1 on residue ARG 211
core.conformation.Conformation: [ WARNING ] missing heavyatom:  NH2 on residue ARG 211
core.conformation.Conformation: [ WARNING ] missing heavyatom:  CG  on residue LYS 280
core.conformation.Conformation: [ WARNING ] missing heavyatom:  CD  on residue LYS 280
core.conformation.Conformation: [ WARNING ] missing heavyatom:  CE  on residue LYS 280
core.conformation.Conformation: [ WARNING ] missing heavyatom:  NZ  on residue LYS 280
core.conformation.Conformation: [ WARNING ] missing heavyatom:  OXT on residue PRO:CtermProteinFull 324
core.conformation.Conformation: [ WARNING ] missing heavyatom:  CG  on residue LYS 362
core.conformation.Conformation: [ WARNING ] missing heavyatom:  CD  on residue LYS 362
core.conformation.Conformation: [ WARNING ] missing heavyatom:  CE  on residue LYS 362
core.conformation.Conformation: [ WARNING ] missing heavyatom:  NZ  on residue LYS 362
core.conformation.Conformation: [ WARNING ] missing heavyatom:  CD  on residue LYS 406
core.conformation.Conformation: [ WARNING ] missing heavyatom:  CE  on residue LYS 406
core.conformation.Conformation: [ WARNING ] missing heavyatom:  NZ  on residue LYS 406
core.conformation.Conformation: [ WARNING ] missing heavyatom:  CG  on residue GLU 471
core.conformation.Conformation: [ WARNING ] missing heavyatom:  CD  on residue GLU 471
core.conformation.Conformation: [ WARNING ] missing heavyatom:  OE1 on residue GLU 471
core.conformation.Conformation: [ WARNING ] missing heavyatom:  OE2 on residue GLU 471
core.conformation.Conformation: [ WARNING ] missing heavyatom:  CG  on residue GLU 495
core.conformation.Conformation: [ WARNING ] missing heavyatom:  CD  on residue GLU 495
core.conformation.Conformation: [ WARNING ] missing heavyatom:  OE1 on residue GLU 495
core.conformation.Conformation: [ WARNING ] missing heavyatom:  OE2 on residue GLU 495
core.conformation.Conformation: [ WARNING ] missing heavyatom:  CG  on residue GLU 496
core.conformation.Conformation: [ WARNING ] missing heavyatom:  CD  on residue GLU 496
core.conformation.Conformation: [ WARNING ] missing heavyatom:  OE1 on residue GLU 496
core.conformation.Conformation: [ WARNING ] missing heavyatom:  OE2 on residue GLU 496
core.conformation.Conformation: [ WARNING ] missing heavyatom:  OXT on residue ARG:CtermProteinFull 501
core.conformation.Conformation: [ WARNING ] missing heavyatom:  CB  on residue ARG:CtermProteinFull 501
core.conformation.Conformation: [ WARNING ] missing heavyatom:  CG  on residue ARG:CtermProteinFull 501
core.conformation.Conformation: [ WARNING ] missing heavyatom:  CD  on residue ARG:CtermProteinFull 501
core.conformation.Conformation: [ WARNING ] missing heavyatom:  NE  on residue ARG:CtermProteinFull 501
core.conformation.Conformation: [ WARNING ] missing heavyatom:  CZ  on residue ARG:CtermProteinFull 501
core.conformation.Conformation: [ WARNING ] missing heavyatom:  NH1 on residue ARG:CtermProteinFull 501
core.conformation.Conformation: [ WARNING ] missing heavyatom:  NH2 on residue ARG:CtermProteinFull 501
core.conformation.Conformation: Found disulfide between residues 7 461
core.conformation.Conformation: current variant for 7 CYS
core.conformation.Conformation: current variant for 461 CYS
core.conformation.Conformation: current variant for 7 CYD
core.conformation.Conformation: current variant for 461 CYD
core.conformation.Conformation: Found disulfide between residues 45 277
core.conformation.Conformation: current variant for 45 CYS
core.conformation.Conformation: current variant for 277 CYS
core.conformation.Conformation: current variant for 45 CYD
core.conformation.Conformation: current variant for 277 CYD
core.conformation.Conformation: Found disulfide between residues 58 70
core.conformation.Conformation: current variant for 58 CYS
core.conformation.Conformation: current variant for 70 CYS
core.conformation.Conformation: current variant for 58 CYD
core.conformation.Conformation: current variant for 70 CYD
core.conformation.Conformation: Found disulfide between residues 93 138
core.conformation.Conformation: current variant for 93 CYS
core.conformation.Conformation: current variant for 138 CYS
core.conformation.Conformation: current variant for 93 CYD
core.conformation.Conformation: current variant for 138 CYD
core.conformation.Conformation: Found disulfide between residues 281 305
core.conformation.Conformation: current variant for 281 CYS
core.conformation.Conformation: current variant for 305 CYS
core.conformation.Conformation: current variant for 281 CYD
core.conformation.Conformation: current variant for 305 CYD
core.conformation.Conformation: Found disulfide between residues 468 472
core.conformation.Conformation: current variant for 468 CYS
core.conformation.Conformation: current variant for 472 CYS
core.conformation.Conformation: current variant for 468 CYD
core.conformation.Conformation: current variant for 472 CYD
core.pack.pack_missing_sidechains: packing residue number 22 because of missing atom number 8 atom name  CD1
core.pack.pack_missing_sidechains: packing residue number 43 because of missing atom number 9 atom name  NZ 
core.pack.pack_missing_sidechains: packing residue number 143 because of missing atom number 6 atom name  CG 
core.pack.pack_missing_sidechains: packing residue number 164 because of missing atom number 8 atom name  CE 
core.pack.pack_missing_sidechains: packing residue number 211 because of missing atom number 9 atom name  CZ 
core.pack.pack_missing_sidechains: packing residue number 280 because of missing atom number 6 atom name  CG 
core.pack.pack_missing_sidechains: packing residue number 362 because of missing atom number 6 atom name  CG 
core.pack.pack_missing_sidechains: packing residue number 406 because of missing atom number 7 atom name  CD 
core.pack.pack_missing_sidechains: packing residue number 471 because of missing atom number 6 atom name  CG 
core.pack.pack_missing_sidechains: packing residue number 495 because of missing atom number 6 atom name  CG 
core.pack.pack_missing_sidechains: packing residue number 496 because of missing atom number 6 atom name  CG 
core.pack.pack_missing_sidechains: packing residue number 501 because of missing atom number 6 atom name  CB 
core.pack.task: Packer task: initialize from command line() 
core.scoring.ScoreFunctionFactory: SCOREFUNCTION: ref2015.wts
core.scoring.etable: Starting energy table calculation
core.scoring.etable: smooth_etable: changing atr/rep split to bottom of energy well
core.scoring.etable: smooth_etable: spline smoothing lj etables (maxdis = 6)
core.scoring.etable: smooth_etable: spline smoothing solvation etables (max_dis = 6)
core.scoring.etable: Finished calculating energy tables.
basic.io.database: Database file opened: scoring/score_functions/hbonds/ref2015_params/HBPoly1D.csv
basic.io.database: Database file opened: scoring/score_functions/hbonds/ref2015_params/HBFadeIntervals.csv
basic.io.database: Database file opened: scoring/score_functions/hbonds/ref2015_params/HBEval.csv
basic.io.database: Database file opened: scoring/score_functions/hbonds/ref2015_params/DonStrength.csv
basic.io.database: Database file opened: scoring/score_functions/hbonds/ref2015_params/AccStrength.csv
basic.io.database: Database file opened: scoring/score_functions/rama/fd/all.ramaProb
basic.io.database: Database file opened: scoring/score_functions/rama/fd/prepro.ramaProb
basic.io.database: Database file opened: scoring/score_functions/omega/omega_ppdep.all.txt
basic.io.database: Database file opened: scoring/score_functions/omega/omega_ppdep.gly.txt
basic.io.database: Database file opened: scoring/score_functions/omega/omega_ppdep.pro.txt
basic.io.database: Database file opened: scoring/score_functions/omega/omega_ppdep.valile.txt
basic.io.database: Database file opened: scoring/score_functions/P_AA_pp/P_AA
basic.io.database: Database file opened: scoring/score_functions/P_AA_pp/P_AA_n
core.scoring.P_AA: shapovalov_lib::shap_p_aa_pp_smooth_level of 1( aka low_smooth ) got activated.
basic.io.database: Database file opened: scoring/score_functions/P_AA_pp/shapovalov/10deg/kappa131/a20.prop
basic.io.database: Database file opened: scoring/score_functions/elec_cp_reps.dat
core.scoring.elec.util: Read 40 countpair representative atoms
core.pack.dunbrack.RotamerLibrary: shapovalov_lib_fixes_enable option is true.
core.pack.dunbrack.RotamerLibrary: shapovalov_lib::shap_dun10_smooth_level of 1( aka lowest_smooth ) got activated.
core.pack.dunbrack.RotamerLibrary: Binary rotamer library selected: /usr/people/sbioguest/rosetta_workshop/rosetta/main/database/rotamer/shapovalov/StpDwn_0-0-0/Dunbrack10.lib.bin
core.pack.dunbrack.RotamerLibrary: Using Dunbrack library binary file '/usr/people/sbioguest/rosetta_workshop/rosetta/main/database/rotamer/shapovalov/StpDwn_0-0-0/Dunbrack10.lib.bin'.
core.pack.dunbrack.RotamerLibrary: Dunbrack 2010 library took 0.13 seconds to load from binary
core.pack.pack_rotamers: built 247 rotamers at 12 positions.
core.pack.interaction_graph.interaction_graph_factory: Instantiating LinearMemoryInteractionGraph
core.pack.interaction_graph.interaction_graph_factory: IG: 41101 bytes
protocols.rosetta_scripts.RosettaScriptsParser: dock_design_filename=repack_HA.xml
protocols.rosetta_scripts.RosettaScriptsParser: Generating XML Schema for rosetta_scripts...
protocols.rosetta_scripts.RosettaScriptsParser: ...done
protocols.rosetta_scripts.RosettaScriptsParser: Initializing schema validator...
protocols.rosetta_scripts.RosettaScriptsParser: ...done
protocols.rosetta_scripts.RosettaScriptsParser: Validating input script...
protocols.rosetta_scripts.RosettaScriptsParser: ...done
protocols.rosetta_scripts.RosettaScriptsParser: Parsed script:
<ROSETTASCRIPTS>
	<SCOREFXNS/>
	<TASKOPERATIONS>
		<InitializeFromCommandline name="ifcl"/>
		<RestrictToRepacking name="rtr"/>
		<PreventResiduesFromRepacking name="prfrp" residues="11,41,345"/>
	</TASKOPERATIONS>
	<FILTERS/>
	<MOVERS>
		<PackRotamersMover name="repack" scorefxn="REF2015" task_operations="ifcl,rtr,prfrp"/>
		<MinMover bb="0" chi="1" jump="0" name="minimize_sc" scorefxn="REF2015" tolerance="0.0001" type="dfpmin_armijo_nonmonotone"/>
	</MOVERS>
	<APPLY_TO_POSE/>
	<PROTOCOLS>
		<Add mover="repack"/>
		<Add mover="minimize_sc"/>
	</PROTOCOLS>
</ROSETTASCRIPTS>
core.scoring.ScoreFunctionFactory: SCOREFUNCTION: ref2015.wts
core.scoring.etable: Starting energy table calculation
core.scoring.etable: smooth_etable: changing atr/rep split to bottom of energy well
core.scoring.etable: smooth_etable: spline smoothing lj etables (maxdis = 6)
core.scoring.etable: smooth_etable: spline smoothing solvation etables (max_dis = 6)
core.scoring.etable: Finished calculating energy tables.
basic.io.database: Database file opened: scoring/score_functions/PairEPotential/pdb_pair_stats_fine
basic.io.database: Database file opened: scoring/score_functions/InterchainPotential/interchain_env_log.txt
basic.io.database: Database file opened: scoring/score_functions/InterchainPotential/interchain_pair_log.txt
basic.io.database: Database file opened: scoring/score_functions/EnvPairPotential/env_log.txt
basic.io.database: Database file opened: scoring/score_functions/EnvPairPotential/cbeta_den.txt
basic.io.database: Database file opened: scoring/score_functions/EnvPairPotential/pair_log.txt
basic.io.database: Database file opened: scoring/score_functions/EnvPairPotential/cenpack_log.txt
core.scoring.ramachandran: shapovalov_lib::shap_rama_smooth_level of 4( aka highest_smooth ) got activated.
basic.io.database: Database file opened: scoring/score_functions/rama/shapovalov/kappa25/all.ramaProb
protocols.jd2.parser.TaskOperationLoader: Defined TaskOperation named "ifcl" of type InitializeFromCommandline
protocols.jd2.parser.TaskOperationLoader: Defined TaskOperation named "rtr" of type RestrictToRepacking
protocols.jd2.parser.TaskOperationLoader: Defined TaskOperation named "prfrp" of type PreventResiduesFromRepacking
core.pack.task.xml_util: Object repack reading the following task_operations: Adding the following task operations
ifcl rtr prfrp 
protocols.rosetta_scripts.RosettaScriptsParser: Defined mover named "repack" of type PackRotamersMover
protocols.minimization_packing.MinMover: Options chi, bb: 1, 0 omega: 1
protocols.rosetta_scripts.RosettaScriptsParser: Defined mover named "minimize_sc" of type MinMover
protocols.rosetta_scripts.ParsedProtocol: ParsedProtocol mover with the following movers and filters
protocols.rosetta_scripts.ParsedProtocol: added mover "repack" with filter "true_filter"
protocols.rosetta_scripts.ParsedProtocol: added mover "minimize_sc" with filter "true_filter"
protocols.jd2.PDBJobInputter: PDBJobInputter::pose_from_job
protocols.jd2.PDBJobInputter: filling pose from saved copy 3gbm_HA.pdb
protocols.rosetta_scripts.ParsedProtocol: =======================BEGIN MOVER PackRotamersMover - repack=======================
core.pack.task: Packer task: initialize from command line() 
core.pack.pack_rotamers: built 20741 rotamers at 498 positions.
core.pack.interaction_graph.interaction_graph_factory: Instantiating LinearMemoryInteractionGraph
core.pack.interaction_graph.interaction_graph_factory: IG: 26608781 bytes
protocols.rosetta_scripts.ParsedProtocol: =======================BEGIN MOVER MinMover - minimize_sc=======================
protocols.rosetta_scripts.ParsedProtocol: setting status to success
protocols.jd2.JobDistributor: 3gbm_HA_0001 reported success in 229 seconds
protocols.jd2.PDBJobInputter: PDBJobInputter::pose_from_job
protocols.jd2.PDBJobInputter: filling pose from saved copy 3gbm_HA.pdb
protocols.jd2.PDBJobInputter: PDBJobInputter::pose_from_job
protocols.jd2.PDBJobInputter: filling pose from saved copy 3gbm_HA.pdb
protocols.rosetta_scripts.ParsedProtocol: =======================BEGIN MOVER PackRotamersMover - repack=======================
core.pack.task: Packer task: initialize from command line() 
core.pack.pack_rotamers: built 20741 rotamers at 498 positions.
core.pack.interaction_graph.interaction_graph_factory: Instantiating LinearMemoryInteractionGraph
core.pack.interaction_graph.interaction_graph_factory: IG: 26608781 bytes
protocols.rosetta_scripts.ParsedProtocol: =======================BEGIN MOVER MinMover - minimize_sc=======================
protocols.rosetta_scripts.ParsedProtocol: setting status to success
protocols.jd2.JobDistributor: 3gbm_HA_0002 reported success in 201 seconds
protocols.jd2.PDBJobInputter: PDBJobInputter::pose_from_job
protocols.jd2.PDBJobInputter: filling pose from saved copy 3gbm_HA.pdb
protocols.jd2.PDBJobInputter: PDBJobInputter::pose_from_job
protocols.jd2.PDBJobInputter: filling pose from saved copy 3gbm_HA.pdb
protocols.rosetta_scripts.ParsedProtocol: =======================BEGIN MOVER PackRotamersMover - repack=======================
core.pack.task: Packer task: initialize from command line() 
core.pack.pack_rotamers: built 20741 rotamers at 498 positions.
core.pack.interaction_graph.interaction_graph_factory: Instantiating LinearMemoryInteractionGraph
core.pack.interaction_graph.interaction_graph_factory: IG: 26608781 bytes
protocols.rosetta_scripts.ParsedProtocol: =======================BEGIN MOVER MinMover - minimize_sc=======================
protocols.rosetta_scripts.ParsedProtocol: setting status to success
protocols.jd2.JobDistributor: 3gbm_HA_0003 reported success in 210 seconds
protocols.jd2.PDBJobInputter: PDBJobInputter::pose_from_job
protocols.jd2.PDBJobInputter: filling pose from saved copy 3gbm_HA.pdb
protocols.jd2.PDBJobInputter: PDBJobInputter::pose_from_job
protocols.jd2.PDBJobInputter: filling pose from saved copy 3gbm_HA.pdb
protocols.rosetta_scripts.ParsedProtocol: =======================BEGIN MOVER PackRotamersMover - repack=======================
core.pack.task: Packer task: initialize from command line() 
core.pack.pack_rotamers: built 20741 rotamers at 498 positions.
core.pack.interaction_graph.interaction_graph_factory: Instantiating LinearMemoryInteractionGraph
core.pack.interaction_graph.interaction_graph_factory: IG: 26608781 bytes
protocols.rosetta_scripts.ParsedProtocol: =======================BEGIN MOVER MinMover - minimize_sc=======================
protocols.rosetta_scripts.ParsedProtocol: setting status to success
protocols.jd2.JobDistributor: 3gbm_HA_0004 reported success in 220 seconds
protocols.jd2.PDBJobInputter: PDBJobInputter::pose_from_job
protocols.jd2.PDBJobInputter: filling pose from saved copy 3gbm_HA.pdb
protocols.jd2.PDBJobInputter: PDBJobInputter::pose_from_job
protocols.jd2.PDBJobInputter: filling pose from saved copy 3gbm_HA.pdb
protocols.rosetta_scripts.ParsedProtocol: =======================BEGIN MOVER PackRotamersMover - repack=======================
core.pack.task: Packer task: initialize from command line() 
core.pack.pack_rotamers: built 20741 rotamers at 498 positions.
core.pack.interaction_graph.interaction_graph_factory: Instantiating LinearMemoryInteractionGraph
core.pack.interaction_graph.interaction_graph_factory: IG: 26608781 bytes
protocols.rosetta_scripts.ParsedProtocol: =======================BEGIN MOVER MinMover - minimize_sc=======================
protocols.rosetta_scripts.ParsedProtocol: setting status to success
protocols.jd2.JobDistributor: 3gbm_HA_0005 reported success in 215 seconds
protocols.jd2.PDBJobInputter: PDBJobInputter::pose_from_job
protocols.jd2.PDBJobInputter: filling pose from saved copy 3gbm_HA.pdb
protocols.jd2.PDBJobInputter: PDBJobInputter::pose_from_job
protocols.jd2.PDBJobInputter: filling pose from saved copy 3gbm_HA.pdb
protocols.rosetta_scripts.ParsedProtocol: =======================BEGIN MOVER PackRotamersMover - repack=======================
core.pack.task: Packer task: initialize from command line() 
core.pack.pack_rotamers: built 20741 rotamers at 498 positions.
core.pack.interaction_graph.interaction_graph_factory: Instantiating LinearMemoryInteractionGraph
core.pack.interaction_graph.interaction_graph_factory: IG: 26608781 bytes
protocols.rosetta_scripts.ParsedProtocol: =======================BEGIN MOVER MinMover - minimize_sc=======================
protocols.rosetta_scripts.ParsedProtocol: setting status to success
protocols.jd2.JobDistributor: 3gbm_HA_0006 reported success in 216 seconds
protocols.jd2.PDBJobInputter: PDBJobInputter::pose_from_job
protocols.jd2.PDBJobInputter: filling pose from saved copy 3gbm_HA.pdb
protocols.jd2.PDBJobInputter: PDBJobInputter::pose_from_job
protocols.jd2.PDBJobInputter: filling pose from saved copy 3gbm_HA.pdb
protocols.rosetta_scripts.ParsedProtocol: =======================BEGIN MOVER PackRotamersMover - repack=======================
core.pack.task: Packer task: initialize from command line() 
core.pack.pack_rotamers: built 20741 rotamers at 498 positions.
core.pack.interaction_graph.interaction_graph_factory: Instantiating LinearMemoryInteractionGraph
core.pack.interaction_graph.interaction_graph_factory: IG: 26608781 bytes
protocols.rosetta_scripts.ParsedProtocol: =======================BEGIN MOVER MinMover - minimize_sc=======================
protocols.rosetta_scripts.ParsedProtocol: setting status to success
protocols.jd2.JobDistributor: 3gbm_HA_0007 reported success in 203 seconds
protocols.jd2.PDBJobInputter: PDBJobInputter::pose_from_job
protocols.jd2.PDBJobInputter: filling pose from saved copy 3gbm_HA.pdb
protocols.jd2.PDBJobInputter: PDBJobInputter::pose_from_job
protocols.jd2.PDBJobInputter: filling pose from saved copy 3gbm_HA.pdb
protocols.rosetta_scripts.ParsedProtocol: =======================BEGIN MOVER PackRotamersMover - repack=======================
core.pack.task: Packer task: initialize from command line() 
core.pack.pack_rotamers: built 20741 rotamers at 498 positions.
core.pack.interaction_graph.interaction_graph_factory: Instantiating LinearMemoryInteractionGraph
core.pack.interaction_graph.interaction_graph_factory: IG: 26608781 bytes
protocols.rosetta_scripts.ParsedProtocol: =======================BEGIN MOVER MinMover - minimize_sc=======================
protocols.rosetta_scripts.ParsedProtocol: setting status to success
protocols.jd2.JobDistributor: 3gbm_HA_0008 reported success in 223 seconds
protocols.jd2.PDBJobInputter: PDBJobInputter::pose_from_job
protocols.jd2.PDBJobInputter: filling pose from saved copy 3gbm_HA.pdb
protocols.jd2.PDBJobInputter: PDBJobInputter::pose_from_job
protocols.jd2.PDBJobInputter: filling pose from saved copy 3gbm_HA.pdb
protocols.rosetta_scripts.ParsedProtocol: =======================BEGIN MOVER PackRotamersMover - repack=======================
core.pack.task: Packer task: initialize from command line() 
core.pack.pack_rotamers: built 20741 rotamers at 498 positions.
core.pack.interaction_graph.interaction_graph_factory: Instantiating LinearMemoryInteractionGraph
core.pack.interaction_graph.interaction_graph_factory: IG: 26608781 bytes
protocols.rosetta_scripts.ParsedProtocol: =======================BEGIN MOVER MinMover - minimize_sc=======================
protocols.rosetta_scripts.ParsedProtocol: setting status to success
protocols.jd2.JobDistributor: 3gbm_HA_0009 reported success in 217 seconds
protocols.jd2.PDBJobInputter: PDBJobInputter::pose_from_job
protocols.jd2.PDBJobInputter: filling pose from saved copy 3gbm_HA.pdb
protocols.jd2.PDBJobInputter: PDBJobInputter::pose_from_job
protocols.jd2.PDBJobInputter: filling pose from saved copy 3gbm_HA.pdb
protocols.rosetta_scripts.ParsedProtocol: =======================BEGIN MOVER PackRotamersMover - repack=======================
core.pack.task: Packer task: initialize from command line() 
core.pack.pack_rotamers: built 20741 rotamers at 498 positions.
core.pack.interaction_graph.interaction_graph_factory: Instantiating LinearMemoryInteractionGraph
core.pack.interaction_graph.interaction_graph_factory: IG: 26608781 bytes
protocols.rosetta_scripts.ParsedProtocol: =======================BEGIN MOVER MinMover - minimize_sc=======================
protocols.rosetta_scripts.ParsedProtocol: setting status to success
protocols.jd2.JobDistributor: 3gbm_HA_0010 reported success in 223 seconds
protocols.jd2.PDBJobInputter: PDBJobInputter::pose_from_job
protocols.jd2.PDBJobInputter: filling pose from saved copy 3gbm_HA.pdb
protocols.jd2.PDBJobInputter: PDBJobInputter::pose_from_job
protocols.jd2.PDBJobInputter: filling pose from saved copy 3gbm_HA.pdb
protocols.rosetta_scripts.ParsedProtocol: =======================BEGIN MOVER PackRotamersMover - repack=======================
core.pack.task: Packer task: initialize from command line() 
core.pack.pack_rotamers: built 20741 rotamers at 498 positions.
core.pack.interaction_graph.interaction_graph_factory: Instantiating LinearMemoryInteractionGraph
core.pack.interaction_graph.interaction_graph_factory: IG: 26608781 bytes
protocols.rosetta_scripts.ParsedProtocol: =======================BEGIN MOVER MinMover - minimize_sc=======================
protocols.rosetta_scripts.ParsedProtocol: setting status to success
protocols.jd2.JobDistributor: 3gbm_HA_0011 reported success in 208 seconds
protocols.jd2.PDBJobInputter: PDBJobInputter::pose_from_job
protocols.jd2.PDBJobInputter: filling pose from saved copy 3gbm_HA.pdb
protocols.jd2.PDBJobInputter: PDBJobInputter::pose_from_job
protocols.jd2.PDBJobInputter: filling pose from saved copy 3gbm_HA.pdb
protocols.rosetta_scripts.ParsedProtocol: =======================BEGIN MOVER PackRotamersMover - repack=======================
core.pack.task: Packer task: initialize from command line() 
core.pack.pack_rotamers: built 20741 rotamers at 498 positions.
core.pack.interaction_graph.interaction_graph_factory: Instantiating LinearMemoryInteractionGraph
core.pack.interaction_graph.interaction_graph_factory: IG: 26608781 bytes
protocols.rosetta_scripts.ParsedProtocol: =======================BEGIN MOVER MinMover - minimize_sc=======================
protocols.rosetta_scripts.ParsedProtocol: setting status to success
protocols.jd2.JobDistributor: 3gbm_HA_0012 reported success in 210 seconds
protocols.jd2.PDBJobInputter: PDBJobInputter::pose_from_job
protocols.jd2.PDBJobInputter: filling pose from saved copy 3gbm_HA.pdb
protocols.jd2.PDBJobInputter: PDBJobInputter::pose_from_job
protocols.jd2.PDBJobInputter: filling pose from saved copy 3gbm_HA.pdb
protocols.rosetta_scripts.ParsedProtocol: =======================BEGIN MOVER PackRotamersMover - repack=======================
core.pack.task: Packer task: initialize from command line() 
core.pack.pack_rotamers: built 20741 rotamers at 498 positions.
core.pack.interaction_graph.interaction_graph_factory: Instantiating LinearMemoryInteractionGraph
core.pack.interaction_graph.interaction_graph_factory: IG: 26608781 bytes
protocols.rosetta_scripts.ParsedProtocol: =======================BEGIN MOVER MinMover - minimize_sc=======================
protocols.rosetta_scripts.ParsedProtocol: setting status to success
protocols.jd2.JobDistributor: 3gbm_HA_0013 reported success in 203 seconds
protocols.jd2.PDBJobInputter: PDBJobInputter::pose_from_job
protocols.jd2.PDBJobInputter: filling pose from saved copy 3gbm_HA.pdb
protocols.jd2.PDBJobInputter: PDBJobInputter::pose_from_job
protocols.jd2.PDBJobInputter: filling pose from saved copy 3gbm_HA.pdb
protocols.rosetta_scripts.ParsedProtocol: =======================BEGIN MOVER PackRotamersMover - repack=======================
core.pack.task: Packer task: initialize from command line() 
core.pack.pack_rotamers: built 20741 rotamers at 498 positions.
core.pack.interaction_graph.interaction_graph_factory: Instantiating LinearMemoryInteractionGraph
core.pack.interaction_graph.interaction_graph_factory: IG: 26608781 bytes
protocols.rosetta_scripts.ParsedProtocol: =======================BEGIN MOVER MinMover - minimize_sc=======================
protocols.rosetta_scripts.ParsedProtocol: setting status to success
protocols.jd2.JobDistributor: 3gbm_HA_0014 reported success in 201 seconds
protocols.jd2.PDBJobInputter: PDBJobInputter::pose_from_job
protocols.jd2.PDBJobInputter: filling pose from saved copy 3gbm_HA.pdb
protocols.jd2.PDBJobInputter: PDBJobInputter::pose_from_job
protocols.jd2.PDBJobInputter: filling pose from saved copy 3gbm_HA.pdb
protocols.rosetta_scripts.ParsedProtocol: =======================BEGIN MOVER PackRotamersMover - repack=======================
core.pack.task: Packer task: initialize from command line() 
core.pack.pack_rotamers: built 20741 rotamers at 498 positions.
core.pack.interaction_graph.interaction_graph_factory: Instantiating LinearMemoryInteractionGraph
core.pack.interaction_graph.interaction_graph_factory: IG: 26608781 bytes
protocols.rosetta_scripts.ParsedProtocol: =======================BEGIN MOVER MinMover - minimize_sc=======================
protocols.rosetta_scripts.ParsedProtocol: setting status to success
protocols.jd2.JobDistributor: 3gbm_HA_0015 reported success in 206 seconds
protocols.jd2.PDBJobInputter: PDBJobInputter::pose_from_job
protocols.jd2.PDBJobInputter: filling pose from saved copy 3gbm_HA.pdb
protocols.jd2.PDBJobInputter: PDBJobInputter::pose_from_job
protocols.jd2.PDBJobInputter: filling pose from saved copy 3gbm_HA.pdb
protocols.rosetta_scripts.ParsedProtocol: =======================BEGIN MOVER PackRotamersMover - repack=======================
core.pack.task: Packer task: initialize from command line() 
core.pack.pack_rotamers: built 20741 rotamers at 498 positions.
core.pack.interaction_graph.interaction_graph_factory: Instantiating LinearMemoryInteractionGraph
core.pack.interaction_graph.interaction_graph_factory: IG: 26608781 bytes
protocols.rosetta_scripts.ParsedProtocol: =======================BEGIN MOVER MinMover - minimize_sc=======================
protocols.rosetta_scripts.ParsedProtocol: setting status to success
protocols.jd2.JobDistributor: 3gbm_HA_0016 reported success in 203 seconds
protocols.jd2.PDBJobInputter: PDBJobInputter::pose_from_job
protocols.jd2.PDBJobInputter: filling pose from saved copy 3gbm_HA.pdb
protocols.jd2.PDBJobInputter: PDBJobInputter::pose_from_job
protocols.jd2.PDBJobInputter: filling pose from saved copy 3gbm_HA.pdb
protocols.rosetta_scripts.ParsedProtocol: =======================BEGIN MOVER PackRotamersMover - repack=======================
core.pack.task: Packer task: initialize from command line() 
core.pack.pack_rotamers: built 20741 rotamers at 498 positions.
core.pack.interaction_graph.interaction_graph_factory: Instantiating LinearMemoryInteractionGraph
core.pack.interaction_graph.interaction_graph_factory: IG: 26608781 bytes
protocols.rosetta_scripts.ParsedProtocol: =======================BEGIN MOVER MinMover - minimize_sc=======================
protocols.rosetta_scripts.ParsedProtocol: setting status to success
protocols.jd2.JobDistributor: 3gbm_HA_0017 reported success in 196 seconds
protocols.jd2.PDBJobInputter: PDBJobInputter::pose_from_job
protocols.jd2.PDBJobInputter: filling pose from saved copy 3gbm_HA.pdb
protocols.jd2.PDBJobInputter: PDBJobInputter::pose_from_job
protocols.jd2.PDBJobInputter: filling pose from saved copy 3gbm_HA.pdb
protocols.rosetta_scripts.ParsedProtocol: =======================BEGIN MOVER PackRotamersMover - repack=======================
core.pack.task: Packer task: initialize from command line() 
core.pack.pack_rotamers: built 20741 rotamers at 498 positions.
core.pack.interaction_graph.interaction_graph_factory: Instantiating LinearMemoryInteractionGraph
core.pack.interaction_graph.interaction_graph_factory: IG: 26608781 bytes
protocols.rosetta_scripts.ParsedProtocol: =======================BEGIN MOVER MinMover - minimize_sc=======================
protocols.rosetta_scripts.ParsedProtocol: setting status to success
protocols.jd2.JobDistributor: 3gbm_HA_0018 reported success in 191 seconds
protocols.jd2.PDBJobInputter: PDBJobInputter::pose_from_job
protocols.jd2.PDBJobInputter: filling pose from saved copy 3gbm_HA.pdb
protocols.jd2.PDBJobInputter: PDBJobInputter::pose_from_job
protocols.jd2.PDBJobInputter: filling pose from saved copy 3gbm_HA.pdb
protocols.rosetta_scripts.ParsedProtocol: =======================BEGIN MOVER PackRotamersMover - repack=======================
core.pack.task: Packer task: initialize from command line() 
core.pack.pack_rotamers: built 20741 rotamers at 498 positions.
core.pack.interaction_graph.interaction_graph_factory: Instantiating LinearMemoryInteractionGraph
core.pack.interaction_graph.interaction_graph_factory: IG: 26608781 bytes
protocols.rosetta_scripts.ParsedProtocol: =======================BEGIN MOVER MinMover - minimize_sc=======================
protocols.rosetta_scripts.ParsedProtocol: setting status to success
protocols.jd2.JobDistributor: 3gbm_HA_0019 reported success in 212 seconds
protocols.jd2.PDBJobInputter: PDBJobInputter::pose_from_job
protocols.jd2.PDBJobInputter: filling pose from saved copy 3gbm_HA.pdb
protocols.jd2.PDBJobInputter: PDBJobInputter::pose_from_job
protocols.jd2.PDBJobInputter: filling pose from saved copy 3gbm_HA.pdb
protocols.rosetta_scripts.ParsedProtocol: =======================BEGIN MOVER PackRotamersMover - repack=======================
core.pack.task: Packer task: initialize from command line() 
core.pack.pack_rotamers: built 20741 rotamers at 498 positions.
core.pack.interaction_graph.interaction_graph_factory: Instantiating LinearMemoryInteractionGraph
core.pack.interaction_graph.interaction_graph_factory: IG: 26608781 bytes
protocols.rosetta_scripts.ParsedProtocol: =======================BEGIN MOVER MinMover - minimize_sc=======================
protocols.rosetta_scripts.ParsedProtocol: setting status to success
protocols.jd2.JobDistributor: 3gbm_HA_0020 reported success in 210 seconds
protocols.jd2.PDBJobInputter: PDBJobInputter::pose_from_job
protocols.jd2.PDBJobInputter: filling pose from saved copy 3gbm_HA.pdb
protocols.jd2.PDBJobInputter: PDBJobInputter::pose_from_job
protocols.jd2.PDBJobInputter: filling pose from saved copy 3gbm_HA.pdb
protocols.rosetta_scripts.ParsedProtocol: =======================BEGIN MOVER PackRotamersMover - repack=======================
core.pack.task: Packer task: initialize from command line() 
core.pack.pack_rotamers: built 20741 rotamers at 498 positions.
core.pack.interaction_graph.interaction_graph_factory: Instantiating LinearMemoryInteractionGraph
core.pack.interaction_graph.interaction_graph_factory: IG: 26608781 bytes
protocols.rosetta_scripts.ParsedProtocol: =======================BEGIN MOVER MinMover - minimize_sc=======================
protocols.rosetta_scripts.ParsedProtocol: setting status to success
protocols.jd2.JobDistributor: 3gbm_HA_0021 reported success in 207 seconds
protocols.jd2.PDBJobInputter: PDBJobInputter::pose_from_job
protocols.jd2.PDBJobInputter: filling pose from saved copy 3gbm_HA.pdb
protocols.jd2.PDBJobInputter: PDBJobInputter::pose_from_job
protocols.jd2.PDBJobInputter: filling pose from saved copy 3gbm_HA.pdb
protocols.rosetta_scripts.ParsedProtocol: =======================BEGIN MOVER PackRotamersMover - repack=======================
core.pack.task: Packer task: initialize from command line() 
core.pack.pack_rotamers: built 20741 rotamers at 498 positions.
core.pack.interaction_graph.interaction_graph_factory: Instantiating LinearMemoryInteractionGraph
core.pack.interaction_graph.interaction_graph_factory: IG: 26608781 bytes
protocols.rosetta_scripts.ParsedProtocol: =======================BEGIN MOVER MinMover - minimize_sc=======================
protocols.rosetta_scripts.ParsedProtocol: setting status to success
protocols.jd2.JobDistributor: 3gbm_HA_0022 reported success in 203 seconds
protocols.jd2.PDBJobInputter: PDBJobInputter::pose_from_job
protocols.jd2.PDBJobInputter: filling pose from saved copy 3gbm_HA.pdb
protocols.jd2.PDBJobInputter: PDBJobInputter::pose_from_job
protocols.jd2.PDBJobInputter: filling pose from saved copy 3gbm_HA.pdb
protocols.rosetta_scripts.ParsedProtocol: =======================BEGIN MOVER PackRotamersMover - repack=======================
core.pack.task: Packer task: initialize from command line() 
core.pack.pack_rotamers: built 20741 rotamers at 498 positions.
core.pack.interaction_graph.interaction_graph_factory: Instantiating LinearMemoryInteractionGraph
core.pack.interaction_graph.interaction_graph_factory: IG: 26608781 bytes
protocols.rosetta_scripts.ParsedProtocol: =======================BEGIN MOVER MinMover - minimize_sc=======================
protocols.rosetta_scripts.ParsedProtocol: setting status to success
protocols.jd2.JobDistributor: 3gbm_HA_0023 reported success in 201 seconds
protocols.jd2.PDBJobInputter: PDBJobInputter::pose_from_job
protocols.jd2.PDBJobInputter: filling pose from saved copy 3gbm_HA.pdb
protocols.jd2.PDBJobInputter: PDBJobInputter::pose_from_job
protocols.jd2.PDBJobInputter: filling pose from saved copy 3gbm_HA.pdb
protocols.rosetta_scripts.ParsedProtocol: =======================BEGIN MOVER PackRotamersMover - repack=======================
core.pack.task: Packer task: initialize from command line() 
core.pack.pack_rotamers: built 20741 rotamers at 498 positions.
core.pack.interaction_graph.interaction_graph_factory: Instantiating LinearMemoryInteractionGraph
core.pack.interaction_graph.interaction_graph_factory: IG: 26608781 bytes
protocols.rosetta_scripts.ParsedProtocol: =======================BEGIN MOVER MinMover - minimize_sc=======================
protocols.rosetta_scripts.ParsedProtocol: setting status to success
protocols.jd2.JobDistributor: 3gbm_HA_0024 reported success in 209 seconds
protocols.jd2.PDBJobInputter: PDBJobInputter::pose_from_job
protocols.jd2.PDBJobInputter: filling pose from saved copy 3gbm_HA.pdb
protocols.jd2.PDBJobInputter: PDBJobInputter::pose_from_job
protocols.jd2.PDBJobInputter: filling pose from saved copy 3gbm_HA.pdb
protocols.rosetta_scripts.ParsedProtocol: =======================BEGIN MOVER PackRotamersMover - repack=======================
core.pack.task: Packer task: initialize from command line() 
core.pack.pack_rotamers: built 20741 rotamers at 498 positions.
core.pack.interaction_graph.interaction_graph_factory: Instantiating LinearMemoryInteractionGraph
core.pack.interaction_graph.interaction_graph_factory: IG: 26608781 bytes
protocols.rosetta_scripts.ParsedProtocol: =======================BEGIN MOVER MinMover - minimize_sc=======================
protocols.rosetta_scripts.ParsedProtocol: setting status to success
protocols.jd2.JobDistributor: 3gbm_HA_0025 reported success in 209 seconds
protocols.jd2.JobDistributor: no more batches to process... 
protocols.jd2.JobDistributor: 25 jobs considered, 25 jobs attempted in 5232 seconds
protocols.jd2.JobDistributor: [ WARNING ] The following options have been set, but have not yet been used:
	-out:file:fullatom 

